Abaqus/Explicit 2022                             DATE 29-Mar-2024  TIME 15:10:42
-------------------------------------------------------------------------------
 PREPROCESSOR WARNING MESSAGES
-------------------------------------------------------------------------------


***WARNING: There are 7 warning messages in the data (.dat) file.  Please
            check the data file for possible errors in the input file.


-------------------------------------------------------------------------------
 MODEL INFORMATION (IN GLOBAL X-Y COORDINATES)
-------------------------------------------------------------------------------

   Total mass in model = 78.000
   Center of mass of model = ( 5.000000E-02, 5.000000E-02, 5.000000E-01)

    Moments of Inertia :
                 About Center of Mass              About Origin
      I(XX)          6.709445E+00                  2.640445E+01
      I(YY)          6.709445E+00                  2.640445E+01
      I(ZZ)          1.588889E-01                  5.488889E-01
      I(XY)          1.926208E-08                 -1.950000E-01
      I(YZ)          7.054769E-08                 -1.950000E+00
      I(ZX)          7.171184E-08                 -1.950000E+00

-------------------------------------------------------------------------------
 STABLE TIME INCREMENT INFORMATION
-------------------------------------------------------------------------------


  The stable time increment estimate for each element is based on
  linearization about the initial state.


   Initial time increment = 4.28601E-06

   Statistics for all elements:
      Mean = 4.28601E-06
      Standard deviation = 6.52119E-09

   Most critical elements:
    Element number   Rank    Time increment   Increment ratio
    (Instance name)
   ----------------------------------------------------------
           1          1       4.286014E-06      1.000000E+00
    PART-1-1
           2          2       4.286014E-06      1.000000E+00
    PART-1-1
           3          3       4.286014E-06      1.000000E+00
    PART-1-1
           4          4       4.286014E-06      1.000000E+00
    PART-1-1
           5          5       4.286014E-06      1.000000E+00
    PART-1-1
           6          6       4.286014E-06      1.000000E+00
    PART-1-1
           7          7       4.286014E-06      1.000000E+00
    PART-1-1
           8          8       4.286014E-06      1.000000E+00
    PART-1-1
           9          9       4.286014E-06      1.000000E+00
    PART-1-1
          10         10       4.286014E-06      1.000000E+00
    PART-1-1


  Instance name for the most critical element will be printed if the critical
  element changes or at the beginning of a new page.



Abaqus/Explicit 2022                             DATE 29-Mar-2024  TIME 15:10:42

The single precision Abaqus/Explicit executable will be used in this analysis.


-------------------------------------------------------------------------------
 SOLUTION PROGRESS
-------------------------------------------------------------------------------

 STEP 1  ORIGIN 0.0000

  Total memory used for step 1 is approximately 1.0 megabytes.
  Global time estimation algorithm will be used.
  Scaling factor:  1.0000
              STEP     TOTAL      WALL      STABLE    CRITICAL    KINETIC      TOTAL
INCREMENT     TIME      TIME      TIME   INCREMENT     ELEMENT     ENERGY     ENERGY
        0  0.000E+00 0.000E+00  00:00:00 4.286E-06          10  6.019E+01  6.019E+01
INSTANCE WITH CRITICAL ELEMENT: PART-1-1
Output Field Frame Number   0, of   20, at step time 0.000E+00
        3  1.286E-05 1.286E-05  00:00:00 4.284E-06          88  7.288E+01  6.112E+01
INSTANCE WITH CRITICAL ELEMENT: PART-1-1
Output Field Frame Number   1, of   20, at step time 1.286E-05
        5  2.142E-05 2.142E-05  00:00:01 4.284E-06          89  1.115E+02  6.111E+01
INSTANCE WITH CRITICAL ELEMENT: PART-1-1
Output Field Frame Number   2, of   20, at step time 2.142E-05
        7  2.999E-05 2.999E-05  00:00:01 4.283E-06          90  1.602E+02  6.093E+01
INSTANCE WITH CRITICAL ELEMENT: PART-1-1
Output Field Frame Number   3, of   20, at step time 2.999E-05
        9  3.856E-05 3.856E-05  00:00:01 4.794E-06          88  1.979E+02  6.114E+01
INSTANCE WITH CRITICAL ELEMENT: PART-1-1
Output Field Frame Number   4, of   20, at step time 3.856E-05
       11  4.814E-05 4.814E-05  00:00:01 4.788E-06          88  2.392E+02  6.120E+01
INSTANCE WITH CRITICAL ELEMENT: PART-1-1
Output Field Frame Number   5, of   20, at step time 4.814E-05
       13  5.772E-05 5.772E-05  00:00:01 4.784E-06          89  2.956E+02  6.104E+01
INSTANCE WITH CRITICAL ELEMENT: PART-1-1
Output Field Frame Number   6, of   20, at step time 5.772E-05
       15  6.728E-05 6.728E-05  00:00:01 4.782E-06          89  3.664E+02  6.103E+01
INSTANCE WITH CRITICAL ELEMENT: PART-1-1
Output Field Frame Number   7, of   20, at step time 6.728E-05
       16  7.206E-05 7.206E-05  00:00:01 4.781E-06          88  4.055E+02  6.094E+01
INSTANCE WITH CRITICAL ELEMENT: PART-1-1
Output Field Frame Number   8, of   20, at step time 7.206E-05
       18  8.162E-05 8.162E-05  00:00:01 4.779E-06          58  4.792E+02  6.085E+01
INSTANCE WITH CRITICAL ELEMENT: PART-1-1
Output Field Frame Number   9, of   20, at step time 8.162E-05
       20  9.118E-05 9.118E-05  00:00:01 4.778E-06          28  5.375E+02  6.119E+01
INSTANCE WITH CRITICAL ELEMENT: PART-1-1
Output Field Frame Number  10, of   20, at step time 9.118E-05
       22  1.007E-04 1.007E-04  00:00:01 4.776E-06          87  5.946E+02  6.119E+01
INSTANCE WITH CRITICAL ELEMENT: PART-1-1
Output Field Frame Number  11, of   20, at step time 1.007E-04
       24  1.103E-04 1.103E-04  00:00:01 4.775E-06          82  6.549E+02  6.082E+01
INSTANCE WITH CRITICAL ELEMENT: PART-1-1
Output Field Frame Number  12, of   20, at step time 1.103E-04
       26  1.198E-04 1.198E-04  00:00:01 4.773E-06          89  7.056E+02  6.086E+01
INSTANCE WITH CRITICAL ELEMENT: PART-1-1
Output Field Frame Number  13, of   20, at step time 1.198E-04
       28  1.294E-04 1.294E-04  00:00:01 4.772E-06          90  7.483E+02  6.110E+01
INSTANCE WITH CRITICAL ELEMENT: PART-1-1
Output Field Frame Number  14, of   20, at step time 1.294E-04
       30  1.389E-04 1.389E-04  00:00:01 4.770E-06          82  7.955E+02  6.110E+01
INSTANCE WITH CRITICAL ELEMENT: PART-1-1
Output Field Frame Number  15, of   20, at step time 1.389E-04
       32  1.483E-04 1.483E-04  00:00:01 4.768E-06          82  8.503E+02  6.089E+01
INSTANCE WITH CRITICAL ELEMENT: PART-1-1
Output Field Frame Number  16, of   20, at step time 1.483E-04
       34  1.575E-04 1.575E-04  00:00:01 4.767E-06          75  9.073E+02  6.088E+01
INSTANCE WITH CRITICAL ELEMENT: PART-1-1
Output Field Frame Number  17, of   20, at step time 1.575E-04
       35  1.621E-04 1.621E-04  00:00:01 4.766E-06          28  9.371E+02  6.097E+01
INSTANCE WITH CRITICAL ELEMENT: PART-1-1
Output Field Frame Number  18, of   20, at step time 1.621E-04
       37  1.711E-04 1.711E-04  00:00:01 4.764E-06          28  1.003E+03  6.099E+01
INSTANCE WITH CRITICAL ELEMENT: PART-1-1
Output Field Frame Number  19, of   20, at step time 1.711E-04
       39  1.800E-04 1.800E-04  00:00:01 4.763E-06          88  1.071E+03  6.076E+01
INSTANCE WITH CRITICAL ELEMENT: PART-1-1
Restart Number  1 at 1.80000E-04
Output Field Frame Number  20, of   20, at step time 1.800E-04
  EXPLICIT EXECUTABLE TIME SUMMARY
       USER TIME (SEC)      =  9.00000E-02
       SYSTEM TIME (SEC)    =  3.00000E-02
       WALLCLOCK TIME (SEC) =            1
              INIT (SEC) =          0
              MAIN (SEC) =          1

  THE ANALYSIS HAS COMPLETED SUCCESSFULLY

