Analysis initiated from SIMULIA established products
Abaqus JOB 2DPlaneStrain-v2
Abaqus 3DEXPERIENCE R2017x
Abaqus License Manager checked out the following licenses:
Abaqus/Standard checked out 5 tokens from Flexnet server lm.rcc.psu.edu.
<251 out of 300 licenses remain available>.
Abaqus Warning: Your Abaqus license will expire in 18 days.
Begin Analysis Input File Processor
Sun 10 Feb 2019 10:42:01 AM EST
Run pre
Sun 10 Feb 2019 10:42:05 AM EST
End Analysis Input File Processor
Begin Abaqus/Standard Analysis
Sun 10 Feb 2019 10:42:05 AM EST
Run standard
Sun 10 Feb 2019 10:42:08 AM EST
End Abaqus/Standard Analysis
Begin MFS->SFS and SIM cleanup
Sun 10 Feb 2019 10:42:08 AM EST
Run SMASimUtility
Sun 10 Feb 2019 10:42:08 AM EST
End MFS->SFS and SIM cleanup
Abaqus JOB 2DPlaneStrain-v2 COMPLETED
