Analysis initiated from SIMULIA established products
Abaqus JOB 2DPlaneStrain-v2
Abaqus 3DEXPERIENCE R2017x
Abaqus License Manager checked out the following licenses:
Abaqus/Standard checked out 5 tokens from Flexnet server lm.rcc.psu.edu.
<247 out of 300 licenses remain available>.
Abaqus Warning: Your Abaqus license will expire in 24 days.
Begin Analysis Input File Processor
Mon 04 Feb 2019 12:28:45 PM EST
Run pre
Mon 04 Feb 2019 12:28:46 PM EST
End Analysis Input File Processor
Begin Abaqus/Standard Analysis
Mon 04 Feb 2019 12:28:46 PM EST
Run standard
Mon 04 Feb 2019 12:28:49 PM EST
End Abaqus/Standard Analysis
Begin MFS->SFS and SIM cleanup
Mon 04 Feb 2019 12:28:49 PM EST
Run SMASimUtility
Mon 04 Feb 2019 12:28:49 PM EST
End MFS->SFS and SIM cleanup
Abaqus JOB 2DPlaneStrain-v2 COMPLETED
